<?xml version="1.0" encoding="UTF-8"?>
<testng-results skipped="0" failed="0" total="2" passed="2">
  <reporter-output>
  </reporter-output>
  <suite name="vn.nacl.core.testng.LoginTest" duration-ms="5298" started-at="2021-08-12T07:58:43Z" finished-at="2021-08-12T07:58:49Z">
    <groups>
    </groups>
    <test name="Command line test" duration-ms="5298" started-at="2021-08-12T07:58:43Z" finished-at="2021-08-12T07:58:49Z">
      <class name="vn.nacl.core.testng.LoginTest">
        <test-method status="PASS" signature="checkFindRoleByUser()[pri:0, instance:vn.nacl.core.testng.LoginTest@5afa04c]" name="checkFindRoleByUser" duration-ms="5267" started-at="2021-08-12T14:58:43Z" finished-at="2021-08-12T14:58:49Z">
          <reporter-output>
          </reporter-output>
        </test-method> <!-- checkFindRoleByUser -->
        <test-method status="PASS" signature="checkIsUserExist()[pri:0, instance:vn.nacl.core.testng.LoginTest@5afa04c]" name="checkIsUserExist" duration-ms="9" started-at="2021-08-12T14:58:49Z" finished-at="2021-08-12T14:58:49Z">
          <reporter-output>
          </reporter-output>
        </test-method> <!-- checkIsUserExist -->
      </class> <!-- vn.nacl.core.testng.LoginTest -->
    </test> <!-- Command line test -->
  </suite> <!-- vn.nacl.core.testng.LoginTest -->
</testng-results>
